<?xml version="1.0" encoding="UTF-8"?>
<testng-results skipped="0" failed="0" ignored="0" total="10" passed="10">
  <reporter-output>
  </reporter-output>
  <suite name="RestApi Test Suite" duration-ms="19950" started-at="2019-06-26T05:28:50Z" finished-at="2019-06-26T05:29:10Z">
    <groups>
    </groups>
    <test name="RestApiTest" duration-ms="19950" started-at="2019-06-26T05:28:50Z" finished-at="2019-06-26T05:29:10Z">
      <class name="com.automation.testCases.TC001_GetWeatherDetails">
        <test-method status="PASS" signature="setUp()[pri:0, instance:com.automation.testCases.TC001_GetWeatherDetails@6500df86]" name="setUp" is-config="true" duration-ms="277" started-at="2019-06-26T05:28:50Z" finished-at="2019-06-26T05:28:50Z">
          <reporter-output>
          </reporter-output>
        </test-method> <!-- setUp -->
        <test-method status="PASS" signature="setUpConnectivity()[pri:0, instance:com.automation.testCases.TC001_GetWeatherDetails@6500df86]" name="setUpConnectivity" is-config="true" duration-ms="7839" started-at="2019-06-26T05:28:50Z" finished-at="2019-06-26T05:28:58Z">
          <reporter-output>
          </reporter-output>
        </test-method> <!-- setUpConnectivity -->
        <test-method status="PASS" signature="validateContentTypeHeader()[pri:0, instance:com.automation.testCases.TC001_GetWeatherDetails@6500df86]" name="validateContentTypeHeader" duration-ms="18" started-at="2019-06-26T05:28:58Z" finished-at="2019-06-26T05:28:58Z">
          <reporter-output>
          </reporter-output>
        </test-method> <!-- validateContentTypeHeader -->
        <test-method status="PASS" signature="validateResponseBody()[pri:0, instance:com.automation.testCases.TC001_GetWeatherDetails@6500df86]" name="validateResponseBody" duration-ms="46" started-at="2019-06-26T05:28:58Z" finished-at="2019-06-26T05:28:58Z">
          <reporter-output>
          </reporter-output>
        </test-method> <!-- validateResponseBody -->
        <test-method status="PASS" signature="validateResponseTime()[pri:0, instance:com.automation.testCases.TC001_GetWeatherDetails@6500df86]" name="validateResponseTime" duration-ms="6" started-at="2019-06-26T05:28:58Z" finished-at="2019-06-26T05:28:58Z">
          <reporter-output>
          </reporter-output>
        </test-method> <!-- validateResponseTime -->
        <test-method status="PASS" signature="validateStatusCode()[pri:0, instance:com.automation.testCases.TC001_GetWeatherDetails@6500df86]" name="validateStatusCode" duration-ms="7" started-at="2019-06-26T05:28:58Z" finished-at="2019-06-26T05:28:58Z">
          <reporter-output>
          </reporter-output>
        </test-method> <!-- validateStatusCode -->
        <test-method status="PASS" signature="validateStatusLine()[pri:0, instance:com.automation.testCases.TC001_GetWeatherDetails@6500df86]" name="validateStatusLine" duration-ms="6" started-at="2019-06-26T05:28:58Z" finished-at="2019-06-26T05:28:58Z">
          <reporter-output>
          </reporter-output>
        </test-method> <!-- validateStatusLine -->
        <test-method status="PASS" signature="tearDown()[pri:0, instance:com.automation.testCases.TC001_GetWeatherDetails@6500df86]" name="tearDown" is-config="true" duration-ms="4" started-at="2019-06-26T05:28:58Z" finished-at="2019-06-26T05:28:58Z">
          <reporter-output>
          </reporter-output>
        </test-method> <!-- tearDown -->
      </class> <!-- com.automation.testCases.TC001_GetWeatherDetails -->
      <class name="com.automation.testCases.TC002_PostRequestAddEmployee">
        <test-method status="PASS" signature="setUp()[pri:0, instance:com.automation.testCases.TC002_PostRequestAddEmployee@402a079c]" name="setUp" is-config="true" duration-ms="6" started-at="2019-06-26T05:28:58Z" finished-at="2019-06-26T05:28:58Z">
          <reporter-output>
          </reporter-output>
        </test-method> <!-- setUp -->
        <test-method status="PASS" signature="setUpCreateEmployee()[pri:0, instance:com.automation.testCases.TC002_PostRequestAddEmployee@402a079c]" name="setUpCreateEmployee" is-config="true" duration-ms="4097" started-at="2019-06-26T05:28:58Z" finished-at="2019-06-26T05:29:02Z">
          <reporter-output>
          </reporter-output>
        </test-method> <!-- setUpCreateEmployee -->
        <test-method status="PASS" signature="verifyResponseBody()[pri:0, instance:com.automation.testCases.TC002_PostRequestAddEmployee@402a079c]" name="verifyResponseBody" duration-ms="7" started-at="2019-06-26T05:29:02Z" finished-at="2019-06-26T05:29:02Z">
          <reporter-output>
          </reporter-output>
        </test-method> <!-- verifyResponseBody -->
        <test-method status="PASS" signature="verifyStatusCode()[pri:0, instance:com.automation.testCases.TC002_PostRequestAddEmployee@402a079c]" name="verifyStatusCode" duration-ms="16" started-at="2019-06-26T05:29:02Z" finished-at="2019-06-26T05:29:02Z">
          <reporter-output>
          </reporter-output>
        </test-method> <!-- verifyStatusCode -->
        <test-method status="PASS" signature="verifyStatusLine()[pri:0, instance:com.automation.testCases.TC002_PostRequestAddEmployee@402a079c]" name="verifyStatusLine" duration-ms="6" started-at="2019-06-26T05:29:02Z" finished-at="2019-06-26T05:29:02Z">
          <reporter-output>
          </reporter-output>
        </test-method> <!-- verifyStatusLine -->
        <test-method status="PASS" signature="tearDown()[pri:0, instance:com.automation.testCases.TC002_PostRequestAddEmployee@402a079c]" name="tearDown" is-config="true" duration-ms="1" started-at="2019-06-26T05:29:02Z" finished-at="2019-06-26T05:29:02Z">
          <reporter-output>
          </reporter-output>
        </test-method> <!-- tearDown -->
      </class> <!-- com.automation.testCases.TC002_PostRequestAddEmployee -->
      <class name="com.automation.testCases.TC003_PutRequest_UpdEmpInfo">
        <test-method status="PASS" signature="setUp()[pri:0, instance:com.automation.testCases.TC003_PutRequest_UpdEmpInfo@59ec2012]" name="setUp" is-config="true" duration-ms="5" started-at="2019-06-26T05:29:02Z" finished-at="2019-06-26T05:29:02Z">
          <reporter-output>
          </reporter-output>
        </test-method> <!-- setUp -->
        <test-method status="PASS" signature="setUpData()[pri:0, instance:com.automation.testCases.TC003_PutRequest_UpdEmpInfo@59ec2012]" name="setUpData" is-config="true" duration-ms="2" started-at="2019-06-26T05:29:02Z" finished-at="2019-06-26T05:29:02Z">
          <reporter-output>
          </reporter-output>
        </test-method> <!-- setUpData -->
        <test-method status="PASS" signature="verifyEmpDataExist()[pri:0, instance:com.automation.testCases.TC003_PutRequest_UpdEmpInfo@59ec2012]" name="verifyEmpDataExist" duration-ms="7480" started-at="2019-06-26T05:29:02Z" finished-at="2019-06-26T05:29:10Z">
          <reporter-output>
          </reporter-output>
        </test-method> <!-- verifyEmpDataExist -->
        <test-method status="PASS" signature="verifyResponseBody()[pri:0, instance:com.automation.testCases.TC003_PutRequest_UpdEmpInfo@59ec2012]" name="verifyResponseBody" duration-ms="9" started-at="2019-06-26T05:29:10Z" finished-at="2019-06-26T05:29:10Z">
          <reporter-output>
          </reporter-output>
        </test-method> <!-- verifyResponseBody -->
        <test-method status="PASS" signature="tearDown()[pri:0, instance:com.automation.testCases.TC003_PutRequest_UpdEmpInfo@59ec2012]" name="tearDown" is-config="true" duration-ms="2" started-at="2019-06-26T05:29:10Z" finished-at="2019-06-26T05:29:10Z">
          <reporter-output>
          </reporter-output>
        </test-method> <!-- tearDown -->
      </class> <!-- com.automation.testCases.TC003_PutRequest_UpdEmpInfo -->
    </test> <!-- RestApiTest -->
  </suite> <!-- RestApi Test Suite -->
</testng-results>
