<?xml version="1.0" encoding="UTF-8"?>
<!-- Generated by org.testng.reporters.JUnitXMLReporter -->
<testsuite hostname="pc" ignored="0" name="RestApiTest" tests="10" failures="0" timestamp="26 Jun 2019 05:29:10 GMT" time="19.95" errors="0">
  <testcase name="validateContentTypeHeader" time="0.018" classname="com.automation.testCases.TC001_GetWeatherDetails"/>
  <testcase name="validateResponseBody" time="0.046" classname="com.automation.testCases.TC001_GetWeatherDetails"/>
  <testcase name="validateResponseTime" time="0.006" classname="com.automation.testCases.TC001_GetWeatherDetails"/>
  <testcase name="validateStatusCode" time="0.007" classname="com.automation.testCases.TC001_GetWeatherDetails"/>
  <testcase name="validateStatusLine" time="0.006" classname="com.automation.testCases.TC001_GetWeatherDetails"/>
  <testcase name="verifyResponseBody" time="0.007" classname="com.automation.testCases.TC002_PostRequestAddEmployee"/>
  <testcase name="verifyStatusCode" time="0.016" classname="com.automation.testCases.TC002_PostRequestAddEmployee"/>
  <testcase name="verifyStatusLine" time="0.006" classname="com.automation.testCases.TC002_PostRequestAddEmployee"/>
  <testcase name="verifyEmpDataExist" time="7.48" classname="com.automation.testCases.TC003_PutRequest_UpdEmpInfo"/>
  <testcase name="verifyResponseBody" time="0.009" classname="com.automation.testCases.TC003_PutRequest_UpdEmpInfo"/>
</testsuite> <!-- RestApiTest -->
